<?xml version="1.0" encoding="UTF-8"?>
<!-- Generated by org.testng.reporters.JUnitReportReporter -->
<testsuite hostname="TVMATP120154L" failures="0" tests="1" name="testCases.Test1" time="16.236" errors="0" timestamp="2022-11-02T09:49:55 IST" skipped="0">
  <testcase classname="testCases.Test1" name="initilization1" time="16.236"/>
  <system-out/>
</testsuite> <!-- testCases.Test1 -->
